2025-05-12 17:16:22,233 - INFO - Processing methods for LaunchWizard
2025-05-12 17:16:52,872 - INFO - Processing methods for LexModelBuildingService
2025-05-12 17:18:11,611 - INFO - Processing methods for LexModelsV2
2025-05-12 17:21:00,441 - INFO - Processing methods for LexRuntimeService
2025-05-12 17:21:15,997 - INFO - Processing methods for LexRuntimeV2
2025-05-12 17:21:32,382 - INFO - Processing methods for LicenseManager
2025-05-12 17:23:15,196 - INFO - Processing methods for LicenseManagerLinuxSubscriptions
2025-05-12 17:23:44,416 - INFO - Processing methods for LicenseManagerUserSubscriptions
2025-05-12 17:24:21,235 - INFO - Processing methods for Lightsail
2025-05-12 17:27:58,793 - INFO - Processing methods for LocationService
2025-07-10 12:57:27,881 - INFO - Starting AWS API documentation parser
2025-07-10 12:57:27,881 - INFO - Services folder: ../docs/services
2025-07-10 12:57:27,881 - INFO - Output folder: ../docs/methods
2025-07-10 12:57:27,881 - INFO - Checkpoint file: checkpoint.json
2025-07-10 12:57:27,883 - INFO - Resuming processing from service: LocationService
2025-07-10 12:57:35,037 - INFO - Processing methods for LocationService
2025-07-10 12:57:35,048 - INFO - Skipping already processed method: associate_tracker_consumer
2025-07-10 13:06:40,515 - INFO - Starting AWS API documentation parser
2025-07-10 13:06:40,516 - INFO - Services folder: ../docs/services
2025-07-10 13:06:40,516 - INFO - Output folder: ../docs/methods
2025-07-10 13:06:40,516 - INFO - Checkpoint file: checkpoint.json
2025-07-10 13:06:40,553 - INFO - Resuming processing from service: LocationService
2025-07-10 13:06:40,610 - INFO - Processing methods for LocationService
2025-07-10 13:06:40,618 - INFO - Skipping already processed method: associate_tracker_consumer
2025-07-10 13:06:40,619 - INFO - Skipping already processed method: batch_delete_device_position_history
2025-07-10 13:06:40,619 - INFO - Skipping already processed method: batch_delete_geofence
2025-07-10 13:06:40,619 - INFO - Skipping already processed method: batch_evaluate_geofences
2025-07-10 13:06:40,619 - INFO - Skipping already processed method: batch_get_device_position
2025-07-10 13:06:40,619 - INFO - Skipping already processed method: batch_put_geofence
2025-07-10 13:06:40,619 - INFO - Skipping already processed method: batch_update_device_position
2025-07-10 13:06:40,619 - INFO - Skipping already processed method: calculate_route
2025-07-10 13:06:40,619 - INFO - Skipping already processed method: calculate_route_matrix
2025-07-10 13:06:40,619 - INFO - Skipping already processed method: can_paginate
2025-07-10 13:06:40,620 - INFO - Skipping already processed method: close
2025-07-10 13:06:40,620 - INFO - Skipping already processed method: create_geofence_collection
2025-07-10 13:06:40,620 - INFO - Skipping already processed method: create_key
2025-07-10 13:06:40,620 - INFO - Skipping already processed method: create_map
2025-07-10 13:06:40,620 - INFO - Skipping already processed method: create_place_index
2025-07-10 13:06:40,620 - INFO - Skipping already processed method: create_route_calculator
2025-07-10 13:06:40,621 - INFO - Skipping already processed method: create_tracker
2025-07-10 13:06:40,621 - INFO - Skipping already processed method: delete_geofence_collection
2025-07-10 13:06:40,621 - INFO - Skipping already processed method: delete_key
2025-07-10 13:06:40,621 - INFO - Skipping already processed method: delete_map
2025-07-10 13:09:02,060 - INFO - Starting AWS API documentation parser
2025-07-10 13:09:02,060 - INFO - Services folder: C:\Users\aleja\Documents\VSCode Projects\TFM-APB-MAADM\docs\services
2025-07-10 13:09:02,060 - INFO - Output folder: C:\Users\aleja\Documents\VSCode Projects\TFM-APB-MAADM\docs\methods
2025-07-10 13:09:02,060 - INFO - Checkpoint file: C:\Users\aleja\Documents\VSCode Projects\TFM-APB-MAADM\parsing\checkpoint.json
2025-07-10 13:09:02,063 - INFO - Resuming processing from service: LocationService
2025-07-10 13:09:02,098 - INFO - Processing methods for LocationService
2025-07-10 13:09:02,106 - INFO - Skipping already processed method: associate_tracker_consumer
2025-07-10 13:09:02,107 - INFO - Skipping already processed method: batch_delete_device_position_history
2025-07-10 13:09:02,107 - INFO - Skipping already processed method: batch_delete_geofence
2025-07-10 13:09:02,107 - INFO - Skipping already processed method: batch_evaluate_geofences
2025-07-10 13:09:02,107 - INFO - Skipping already processed method: batch_get_device_position
2025-07-10 13:09:02,107 - INFO - Skipping already processed method: batch_put_geofence
2025-07-10 13:09:02,107 - INFO - Skipping already processed method: batch_update_device_position
2025-07-10 13:09:02,107 - INFO - Skipping already processed method: calculate_route
2025-07-10 13:09:02,107 - INFO - Skipping already processed method: calculate_route_matrix
2025-07-10 13:09:02,107 - INFO - Skipping already processed method: can_paginate
2025-07-10 13:09:02,108 - INFO - Skipping already processed method: close
2025-07-10 13:09:02,108 - INFO - Skipping already processed method: create_geofence_collection
2025-07-10 13:09:02,108 - INFO - Skipping already processed method: create_key
2025-07-10 13:09:02,108 - INFO - Skipping already processed method: create_map
2025-07-10 13:09:02,108 - INFO - Skipping already processed method: create_place_index
2025-07-10 13:09:02,108 - INFO - Skipping already processed method: create_route_calculator
2025-07-10 13:09:02,109 - INFO - Skipping already processed method: create_tracker
2025-07-10 13:09:02,109 - INFO - Skipping already processed method: delete_geofence_collection
2025-07-10 13:09:02,109 - INFO - Skipping already processed method: delete_key
2025-07-10 13:09:02,109 - INFO - Skipping already processed method: delete_map
2025-07-10 13:09:02,109 - INFO - Skipping already processed method: delete_place_index
2025-07-10 13:09:02,109 - INFO - Skipping already processed method: delete_route_calculator
2025-07-10 13:09:02,110 - INFO - Skipping already processed method: delete_tracker
2025-07-10 13:09:02,110 - INFO - Skipping already processed method: describe_geofence_collection
2025-07-10 13:09:02,110 - INFO - Skipping already processed method: describe_key
2025-07-10 13:09:02,110 - INFO - Skipping already processed method: describe_map
2025-07-10 13:09:02,111 - INFO - Skipping already processed method: describe_place_index
2025-07-10 13:09:02,111 - INFO - Skipping already processed method: describe_route_calculator
2025-07-10 13:09:02,111 - INFO - Skipping already processed method: describe_tracker
2025-07-10 13:09:02,111 - INFO - Skipping already processed method: disassociate_tracker_consumer
2025-07-10 13:09:02,111 - INFO - Skipping already processed method: forecast_geofence_events
2025-07-10 13:09:02,111 - INFO - Skipping already processed method: get_device_position
2025-07-10 13:09:02,111 - INFO - Skipping already processed method: get_device_position_history
2025-07-10 13:10:01,257 - INFO - Processing interrupted by user. Progress has been saved to checkpoint file.
2025-07-10 13:11:03,835 - INFO - Starting AWS API documentation parser
2025-07-10 13:11:03,836 - INFO - Services folder: C:\Users\aleja\Documents\VSCode Projects\TFM-APB-MAADM\docs\services
2025-07-10 13:11:03,836 - INFO - Output folder: C:\Users\aleja\Documents\VSCode Projects\TFM-APB-MAADM\docs\methods
2025-07-10 13:11:03,836 - INFO - Checkpoint file: C:\Users\aleja\Documents\VSCode Projects\TFM-APB-MAADM\parsing\checkpoint.json
2025-07-10 13:11:03,837 - INFO - Starting fresh processing run
2025-07-10 13:11:03,849 - INFO - Processing methods for AccessAnalyzer
2025-07-10 13:11:03,849 - INFO - Skipping already processed service: AccessAnalyzer
2025-07-10 13:11:05,851 - INFO - Processing methods for Account
2025-07-10 13:11:05,852 - INFO - Skipping already processed service: Account
2025-07-10 13:11:07,857 - INFO - Processing methods for ACM
2025-07-10 13:11:07,857 - INFO - Skipping already processed service: ACM
2025-07-10 13:11:09,859 - INFO - Processing methods for ACMPCA
2025-07-10 13:11:09,860 - INFO - Skipping already processed service: ACMPCA
2025-07-10 13:11:11,862 - INFO - Processing methods for AgentsforBedrock
2025-07-10 13:11:11,863 - INFO - Skipping already processed service: AgentsforBedrock
2025-07-10 13:11:13,867 - INFO - Processing methods for AgentsforBedrockRuntime
2025-07-10 13:11:13,869 - INFO - Skipping already processed service: AgentsforBedrockRuntime
2025-07-10 13:11:15,872 - INFO - Processing methods for AgreementService
2025-07-10 13:11:15,872 - INFO - Skipping already processed service: AgreementService
2025-07-10 13:11:17,873 - INFO - Processing methods for Amplify
2025-07-10 13:11:17,873 - INFO - Skipping already processed service: Amplify
2025-07-10 13:11:19,875 - INFO - Processing methods for AmplifyBackend
2025-07-10 13:11:19,876 - INFO - Skipping already processed service: AmplifyBackend
2025-07-10 13:11:21,877 - INFO - Processing methods for AmplifyUIBuilder
2025-07-10 13:11:21,878 - INFO - Skipping already processed service: AmplifyUIBuilder
2025-07-10 13:11:23,881 - INFO - Processing methods for APIGateway
2025-07-10 13:11:23,882 - INFO - Skipping already processed service: APIGateway
2025-07-10 13:11:25,883 - INFO - Processing methods for ApiGatewayManagementApi
2025-07-10 13:11:25,884 - INFO - Skipping already processed service: ApiGatewayManagementApi
2025-07-10 13:11:27,887 - INFO - Processing methods for ApiGatewayV2
2025-07-10 13:11:27,887 - INFO - Skipping already processed service: ApiGatewayV2
2025-07-10 13:11:29,888 - INFO - Processing methods for AppConfig
2025-07-10 13:11:29,889 - INFO - Skipping already processed service: AppConfig
2025-07-10 13:11:31,891 - INFO - Processing methods for AppConfigData
2025-07-10 13:11:31,891 - INFO - Skipping already processed service: AppConfigData
2025-07-10 13:11:32,740 - INFO - Processing interrupted by user. Progress has been saved to checkpoint file.
2025-07-10 13:13:24,702 - INFO - Starting AWS API documentation parser
2025-07-10 13:13:24,702 - INFO - Services folder: C:\Users\aleja\Documents\VSCode Projects\TFM-APB-MAADM\docs\services
2025-07-10 13:13:24,702 - INFO - Output folder: C:\Users\aleja\Documents\VSCode Projects\TFM-APB-MAADM\docs\methods
2025-07-10 13:13:24,702 - INFO - Checkpoint file: C:\Users\aleja\Documents\VSCode Projects\TFM-APB-MAADM\parsing\checkpoint.json
2025-07-10 13:13:24,704 - INFO - Starting fresh processing run
2025-07-10 13:13:24,713 - INFO - Processing methods for AccessAnalyzer
2025-07-10 13:13:24,713 - INFO - Skipping already processed service: AccessAnalyzer
2025-07-10 13:13:24,713 - INFO - Processing methods for Account
2025-07-10 13:13:24,716 - INFO - Skipping already processed service: Account
2025-07-10 13:13:24,716 - INFO - Processing methods for ACM
2025-07-10 13:13:24,717 - INFO - Skipping already processed service: ACM
2025-07-10 13:13:24,717 - INFO - Processing methods for ACMPCA
2025-07-10 13:13:24,717 - INFO - Skipping already processed service: ACMPCA
2025-07-10 13:13:24,717 - INFO - Processing methods for AgentsforBedrock
2025-07-10 13:13:24,718 - INFO - Skipping already processed service: AgentsforBedrock
2025-07-10 13:13:24,718 - INFO - Processing methods for AgentsforBedrockRuntime
2025-07-10 13:13:24,718 - INFO - Skipping already processed service: AgentsforBedrockRuntime
2025-07-10 13:13:24,719 - INFO - Processing methods for AgreementService
2025-07-10 13:13:24,719 - INFO - Skipping already processed service: AgreementService
2025-07-10 13:13:24,719 - INFO - Processing methods for Amplify
2025-07-10 13:13:24,719 - INFO - Skipping already processed service: Amplify
2025-07-10 13:13:24,720 - INFO - Processing methods for AmplifyBackend
2025-07-10 13:13:24,720 - INFO - Skipping already processed service: AmplifyBackend
2025-07-10 13:13:24,721 - INFO - Processing methods for AmplifyUIBuilder
2025-07-10 13:13:24,721 - INFO - Skipping already processed service: AmplifyUIBuilder
2025-07-10 13:13:24,722 - INFO - Processing methods for APIGateway
2025-07-10 13:13:24,722 - INFO - Skipping already processed service: APIGateway
2025-07-10 13:13:24,722 - INFO - Processing methods for ApiGatewayManagementApi
2025-07-10 13:13:24,722 - INFO - Skipping already processed service: ApiGatewayManagementApi
2025-07-10 13:13:24,722 - INFO - Processing methods for ApiGatewayV2
2025-07-10 13:13:24,722 - INFO - Skipping already processed service: ApiGatewayV2
2025-07-10 13:13:24,723 - INFO - Processing methods for AppConfig
2025-07-10 13:13:24,723 - INFO - Skipping already processed service: AppConfig
2025-07-10 13:13:24,723 - INFO - Processing methods for AppConfigData
2025-07-10 13:13:24,723 - INFO - Skipping already processed service: AppConfigData
2025-07-10 13:13:24,724 - INFO - Processing methods for AppFabric
2025-07-10 13:13:24,724 - INFO - Skipping already processed service: AppFabric
2025-07-10 13:13:24,724 - INFO - Processing methods for Appflow
2025-07-10 13:13:24,725 - INFO - Skipping already processed service: Appflow
2025-07-10 13:13:24,725 - INFO - Processing methods for AppIntegrationsService
2025-07-10 13:13:24,725 - INFO - Skipping already processed service: AppIntegrationsService
2025-07-10 13:13:24,726 - INFO - Processing methods for ApplicationAutoScaling
2025-07-10 13:13:24,726 - INFO - Skipping already processed service: ApplicationAutoScaling
2025-07-10 13:13:24,726 - INFO - Processing methods for ApplicationCostProfiler
2025-07-10 13:13:24,726 - INFO - Skipping already processed service: ApplicationCostProfiler
2025-07-10 13:13:24,727 - INFO - Processing methods for ApplicationDiscoveryService
2025-07-10 13:13:24,727 - INFO - Skipping already processed service: ApplicationDiscoveryService
2025-07-10 13:13:24,727 - INFO - Processing methods for ApplicationInsights
2025-07-10 13:13:24,727 - INFO - Skipping already processed service: ApplicationInsights
2025-07-10 13:13:24,728 - INFO - Processing methods for AppMesh
2025-07-10 13:13:24,728 - INFO - Skipping already processed service: AppMesh
2025-07-10 13:13:24,728 - INFO - Processing methods for AppRegistry
2025-07-10 13:13:24,728 - INFO - Skipping already processed service: AppRegistry
2025-07-10 13:13:24,729 - INFO - Processing methods for AppRunner
2025-07-10 13:13:24,729 - INFO - Skipping already processed service: AppRunner
2025-07-10 13:13:24,729 - INFO - Processing methods for AppStream
2025-07-10 13:13:24,729 - INFO - Skipping already processed service: AppStream
2025-07-10 13:13:24,731 - INFO - Processing methods for AppSync
2025-07-10 13:13:24,731 - INFO - Skipping already processed service: AppSync
2025-07-10 13:13:24,732 - INFO - Processing methods for ARCZonalShift
2025-07-10 13:13:24,732 - INFO - Skipping already processed service: ARCZonalShift
2025-07-10 13:13:24,733 - INFO - Processing methods for Artifact
2025-07-10 13:13:24,733 - INFO - Skipping already processed service: Artifact
2025-07-10 13:13:24,734 - INFO - Processing methods for Athena
2025-07-10 13:13:24,734 - INFO - Skipping already processed service: Athena
2025-07-10 13:13:24,734 - INFO - Processing methods for AuditManager
2025-07-10 13:13:24,735 - INFO - Skipping already processed service: AuditManager
2025-07-10 13:13:24,735 - INFO - Processing methods for AugmentedAIRuntime
2025-07-10 13:13:24,736 - INFO - Skipping already processed service: AugmentedAIRuntime
2025-07-10 13:13:24,736 - INFO - Processing methods for AuroraDSQL
2025-07-10 13:13:24,736 - INFO - Skipping already processed service: AuroraDSQL
2025-07-10 13:13:24,739 - INFO - Processing methods for AutoScaling
2025-07-10 13:13:24,739 - INFO - Skipping already processed service: AutoScaling
2025-07-10 13:13:24,740 - INFO - Processing methods for AutoScalingPlans
2025-07-10 13:13:24,740 - INFO - Skipping already processed service: AutoScalingPlans
2025-07-10 13:13:24,741 - INFO - Processing methods for B2BI
2025-07-10 13:13:24,741 - INFO - Skipping already processed service: B2BI
2025-07-10 13:13:24,741 - INFO - Processing methods for Backup
2025-07-10 13:13:24,741 - INFO - Skipping already processed service: Backup
2025-07-10 13:13:24,742 - INFO - Processing methods for BackupGateway
2025-07-10 13:13:24,742 - INFO - Skipping already processed service: BackupGateway
2025-07-10 13:13:24,742 - INFO - Processing methods for BackupSearch
2025-07-10 13:13:24,742 - INFO - Skipping already processed service: BackupSearch
2025-07-10 13:13:24,742 - INFO - Processing methods for Batch
2025-07-10 13:13:24,742 - INFO - Skipping already processed service: Batch
2025-07-10 13:13:24,743 - INFO - Processing methods for Bedrock
2025-07-10 13:13:24,743 - INFO - Skipping already processed service: Bedrock
2025-07-10 13:13:24,743 - INFO - Processing methods for BedrockRuntime
2025-07-10 13:13:24,743 - INFO - Skipping already processed service: BedrockRuntime
2025-07-10 13:13:24,744 - INFO - Processing methods for Billing
2025-07-10 13:13:24,744 - INFO - Skipping already processed service: Billing
2025-07-10 13:13:24,745 - INFO - Processing methods for BillingandCostManagementDataExports
2025-07-10 13:13:24,745 - INFO - Skipping already processed service: BillingandCostManagementDataExports
2025-07-10 13:13:24,746 - INFO - Processing methods for BillingandCostManagementPricingCalculator
2025-07-10 13:13:24,746 - INFO - Skipping already processed service: BillingandCostManagementPricingCalculator
2025-07-10 13:13:24,746 - INFO - Processing methods for BillingConductor
2025-07-10 13:13:24,746 - INFO - Skipping already processed service: BillingConductor
2025-07-10 13:13:24,747 - INFO - Processing methods for Braket
2025-07-10 13:13:24,747 - INFO - Skipping already processed service: Braket
2025-07-10 13:13:24,747 - INFO - Processing methods for Budgets
2025-07-10 13:13:24,747 - INFO - Skipping already processed service: Budgets
2025-07-10 13:13:24,749 - INFO - Processing methods for Chatbot
2025-07-10 13:13:24,749 - INFO - Skipping already processed service: Chatbot
2025-07-10 13:13:24,751 - INFO - Processing methods for Chime
2025-07-10 13:13:24,751 - INFO - Skipping already processed service: Chime
2025-07-10 13:13:24,751 - INFO - Processing methods for ChimeSDKIdentity
2025-07-10 13:13:24,752 - INFO - Skipping already processed service: ChimeSDKIdentity
2025-07-10 13:13:24,752 - INFO - Processing methods for ChimeSDKMediaPipelines
2025-07-10 13:13:24,753 - INFO - Skipping already processed service: ChimeSDKMediaPipelines
2025-07-10 13:13:24,754 - INFO - Processing methods for ChimeSDKMeetings
2025-07-10 13:13:24,755 - INFO - Skipping already processed service: ChimeSDKMeetings
2025-07-10 13:13:24,755 - INFO - Processing methods for ChimeSDKMessaging
2025-07-10 13:13:24,755 - INFO - Skipping already processed service: ChimeSDKMessaging
2025-07-10 13:13:24,756 - INFO - Processing methods for ChimeSDKVoice
2025-07-10 13:13:24,756 - INFO - Skipping already processed service: ChimeSDKVoice
2025-07-10 13:13:24,756 - INFO - Processing methods for CleanRoomsML
2025-07-10 13:13:24,757 - INFO - Skipping already processed service: CleanRoomsML
2025-07-10 13:13:24,757 - INFO - Processing methods for CleanRoomsService
2025-07-10 13:13:24,757 - INFO - Skipping already processed service: CleanRoomsService
2025-07-10 13:13:24,758 - INFO - Processing methods for Cloud9
2025-07-10 13:13:24,758 - INFO - Skipping already processed service: Cloud9
2025-07-10 13:13:24,758 - INFO - Processing methods for CloudControlApi
2025-07-10 13:13:24,758 - INFO - Skipping already processed service: CloudControlApi
2025-07-10 13:13:24,759 - INFO - Processing methods for CloudDirectory
2025-07-10 13:13:24,759 - INFO - Skipping already processed service: CloudDirectory
2025-07-10 13:13:24,759 - INFO - Processing methods for CloudFormation
2025-07-10 13:13:24,759 - INFO - Skipping already processed service: CloudFormation
2025-07-10 13:13:24,760 - INFO - Processing methods for CloudFront
2025-07-10 13:13:24,760 - INFO - Skipping already processed service: CloudFront
2025-07-10 13:13:24,760 - INFO - Processing methods for CloudFrontKeyValueStore
2025-07-10 13:13:24,760 - INFO - Skipping already processed service: CloudFrontKeyValueStore
2025-07-10 13:13:24,761 - INFO - Processing methods for CloudHSM
2025-07-10 13:13:24,761 - INFO - Skipping already processed service: CloudHSM
2025-07-10 13:13:24,762 - INFO - Processing methods for CloudHSMV2
2025-07-10 13:13:24,762 - INFO - Skipping already processed service: CloudHSMV2
2025-07-10 13:13:24,763 - INFO - Processing methods for CloudSearch
2025-07-10 13:13:24,763 - INFO - Skipping already processed service: CloudSearch
2025-07-10 13:13:24,763 - INFO - Processing methods for CloudSearchDomain
2025-07-10 13:13:24,763 - INFO - Skipping already processed service: CloudSearchDomain
2025-07-10 13:13:24,764 - INFO - Processing methods for CloudTrail
2025-07-10 13:13:24,764 - INFO - Skipping already processed service: CloudTrail
2025-07-10 13:13:24,764 - INFO - Processing methods for CloudTrailDataService
2025-07-10 13:13:24,764 - INFO - Skipping already processed service: CloudTrailDataService
2025-07-10 13:13:24,765 - INFO - Processing methods for CloudWatch
2025-07-10 13:13:24,765 - INFO - Skipping already processed service: CloudWatch
2025-07-10 13:13:24,766 - INFO - Processing methods for CloudWatchApplicationSignals
2025-07-10 13:13:24,766 - INFO - Skipping already processed service: CloudWatchApplicationSignals
2025-07-10 13:13:24,767 - INFO - Processing methods for CloudWatchEvidently
2025-07-10 13:13:24,767 - INFO - Skipping already processed service: CloudWatchEvidently
2025-07-10 13:13:24,767 - INFO - Processing methods for CloudWatchInternetMonitor
2025-07-10 13:13:24,767 - INFO - Skipping already processed service: CloudWatchInternetMonitor
2025-07-10 13:13:24,768 - INFO - Processing methods for CloudWatchLogs
2025-07-10 13:13:24,768 - INFO - Skipping already processed service: CloudWatchLogs
2025-07-10 13:13:24,769 - INFO - Processing methods for CloudWatchNetworkMonitor
2025-07-10 13:13:24,769 - INFO - Skipping already processed service: CloudWatchNetworkMonitor
2025-07-10 13:13:24,770 - INFO - Processing methods for CloudWatchObservabilityAccessManager
2025-07-10 13:13:24,770 - INFO - Skipping already processed service: CloudWatchObservabilityAccessManager
2025-07-10 13:13:24,771 - INFO - Processing methods for CloudWatchObservabilityAdminService
2025-07-10 13:13:24,771 - INFO - Skipping already processed service: CloudWatchObservabilityAdminService
2025-07-10 13:13:24,771 - INFO - Processing methods for CloudWatchRUM
2025-07-10 13:13:24,771 - INFO - Skipping already processed service: CloudWatchRUM
2025-07-10 13:13:24,772 - INFO - Processing methods for CodeArtifact
2025-07-10 13:13:24,772 - INFO - Skipping already processed service: CodeArtifact
2025-07-10 13:13:24,772 - INFO - Processing methods for CodeBuild
2025-07-10 13:13:24,772 - INFO - Skipping already processed service: CodeBuild
2025-07-10 13:13:24,773 - INFO - Processing methods for CodeCatalyst
2025-07-10 13:13:24,773 - INFO - Skipping already processed service: CodeCatalyst
2025-07-10 13:13:24,773 - INFO - Processing methods for CodeCommit
2025-07-10 13:13:24,774 - INFO - Skipping already processed service: CodeCommit
2025-07-10 13:13:24,774 - INFO - Processing methods for CodeConnections
2025-07-10 13:13:24,774 - INFO - Skipping already processed service: CodeConnections
2025-07-10 13:13:24,775 - INFO - Processing methods for CodeDeploy
2025-07-10 13:13:24,775 - INFO - Skipping already processed service: CodeDeploy
2025-07-10 13:13:24,776 - INFO - Processing methods for CodeGuruProfiler
2025-07-10 13:13:24,776 - INFO - Skipping already processed service: CodeGuruProfiler
2025-07-10 13:13:24,776 - INFO - Processing methods for CodeGuruReviewer
2025-07-10 13:13:24,777 - INFO - Skipping already processed service: CodeGuruReviewer
2025-07-10 13:13:24,777 - INFO - Processing methods for CodeGuruSecurity
2025-07-10 13:13:24,777 - INFO - Skipping already processed service: CodeGuruSecurity
2025-07-10 13:13:24,778 - INFO - Processing methods for CodePipeline
2025-07-10 13:13:24,778 - INFO - Skipping already processed service: CodePipeline
2025-07-10 13:13:24,778 - INFO - Processing methods for CodeStarconnections
2025-07-10 13:13:24,778 - INFO - Skipping already processed service: CodeStarconnections
2025-07-10 13:13:24,778 - INFO - Processing methods for CodeStarNotifications
2025-07-10 13:13:24,779 - INFO - Skipping already processed service: CodeStarNotifications
2025-07-10 13:13:24,779 - INFO - Processing methods for CognitoIdentity
2025-07-10 13:13:24,779 - INFO - Skipping already processed service: CognitoIdentity
2025-07-10 13:13:24,779 - INFO - Processing methods for CognitoIdentityProvider
2025-07-10 13:13:24,780 - INFO - Skipping already processed service: CognitoIdentityProvider
2025-07-10 13:13:24,780 - INFO - Processing methods for CognitoSync
2025-07-10 13:13:24,780 - INFO - Skipping already processed service: CognitoSync
2025-07-10 13:13:24,780 - INFO - Processing methods for Comprehend
2025-07-10 13:13:24,781 - INFO - Skipping already processed service: Comprehend
2025-07-10 13:13:24,782 - INFO - Processing methods for ComprehendMedical
2025-07-10 13:13:24,782 - INFO - Skipping already processed service: ComprehendMedical
2025-07-10 13:13:24,782 - INFO - Processing methods for ComputeOptimizer
2025-07-10 13:13:24,783 - INFO - Skipping already processed service: ComputeOptimizer
2025-07-10 13:13:24,784 - INFO - Processing methods for ConfigService
2025-07-10 13:13:24,784 - INFO - Skipping already processed service: ConfigService
2025-07-10 13:13:24,785 - INFO - Processing methods for Connect
2025-07-10 13:13:24,785 - INFO - Skipping already processed service: Connect
2025-07-10 13:13:24,785 - INFO - Processing methods for ConnectCampaignService
2025-07-10 13:13:24,786 - INFO - Skipping already processed service: ConnectCampaignService
2025-07-10 13:13:24,787 - INFO - Processing methods for ConnectCampaignServiceV2
2025-07-10 13:13:24,787 - INFO - Skipping already processed service: ConnectCampaignServiceV2
2025-07-10 13:13:24,788 - INFO - Processing methods for ConnectCases
2025-07-10 13:13:24,788 - INFO - Skipping already processed service: ConnectCases
2025-07-10 13:13:24,788 - INFO - Processing methods for ConnectContactLens
2025-07-10 13:13:24,789 - INFO - Skipping already processed service: ConnectContactLens
2025-07-10 13:13:24,789 - INFO - Processing methods for ConnectParticipant
2025-07-10 13:13:24,789 - INFO - Skipping already processed service: ConnectParticipant
2025-07-10 13:13:24,789 - INFO - Processing methods for ConnectWisdomService
2025-07-10 13:13:24,790 - INFO - Skipping already processed service: ConnectWisdomService
2025-07-10 13:13:24,790 - INFO - Processing methods for ControlCatalog
2025-07-10 13:13:24,790 - INFO - Skipping already processed service: ControlCatalog
2025-07-10 13:13:24,790 - INFO - Processing methods for ControlTower
2025-07-10 13:13:24,791 - INFO - Skipping already processed service: ControlTower
2025-07-10 13:13:24,791 - INFO - Processing methods for CostandUsageReportService
2025-07-10 13:13:24,791 - INFO - Skipping already processed service: CostandUsageReportService
2025-07-10 13:13:24,791 - INFO - Processing methods for CostExplorer
2025-07-10 13:13:24,791 - INFO - Skipping already processed service: CostExplorer
2025-07-10 13:13:24,792 - INFO - Processing methods for CostOptimizationHub
2025-07-10 13:13:24,792 - INFO - Skipping already processed service: CostOptimizationHub
2025-07-10 13:13:24,792 - INFO - Processing methods for CustomerProfiles
2025-07-10 13:13:24,793 - INFO - Skipping already processed service: CustomerProfiles
2025-07-10 13:13:24,793 - INFO - Processing methods for DataAutomationforBedrock
2025-07-10 13:13:24,793 - INFO - Skipping already processed service: DataAutomationforBedrock
2025-07-10 13:13:24,793 - INFO - Processing methods for DatabaseMigrationService
2025-07-10 13:13:24,794 - INFO - Skipping already processed service: DatabaseMigrationService
2025-07-10 13:13:24,794 - INFO - Processing methods for DataExchange
2025-07-10 13:13:24,794 - INFO - Skipping already processed service: DataExchange
2025-07-10 13:13:24,794 - INFO - Processing methods for DataPipeline
2025-07-10 13:13:24,795 - INFO - Skipping already processed service: DataPipeline
2025-07-10 13:13:24,795 - INFO - Processing methods for DataSync
2025-07-10 13:13:24,795 - INFO - Skipping already processed service: DataSync
2025-07-10 13:13:24,796 - INFO - Processing methods for DataZone
2025-07-10 13:13:24,796 - INFO - Skipping already processed service: DataZone
2025-07-10 13:13:24,796 - INFO - Processing methods for DAX
2025-07-10 13:13:24,796 - INFO - Skipping already processed service: DAX
2025-07-10 13:13:24,797 - INFO - Processing methods for DeadlineCloud
2025-07-10 13:13:24,797 - INFO - Skipping already processed service: DeadlineCloud
2025-07-10 13:13:24,797 - INFO - Processing methods for Detective
2025-07-10 13:13:24,798 - INFO - Skipping already processed service: Detective
2025-07-10 13:13:24,798 - INFO - Processing methods for DeviceFarm
2025-07-10 13:13:24,798 - INFO - Skipping already processed service: DeviceFarm
2025-07-10 13:13:24,799 - INFO - Processing methods for DevOpsGuru
2025-07-10 13:13:24,799 - INFO - Skipping already processed service: DevOpsGuru
2025-07-10 13:13:24,800 - INFO - Processing methods for DirectConnect
2025-07-10 13:13:24,800 - INFO - Skipping already processed service: DirectConnect
2025-07-10 13:13:24,800 - INFO - Processing methods for DirectoryService
2025-07-10 13:13:24,800 - INFO - Skipping already processed service: DirectoryService
2025-07-10 13:13:24,801 - INFO - Processing methods for DirectoryServiceData
2025-07-10 13:13:24,801 - INFO - Skipping already processed service: DirectoryServiceData
2025-07-10 13:13:24,802 - INFO - Processing methods for DLM
2025-07-10 13:13:24,802 - INFO - Skipping already processed service: DLM
2025-07-10 13:13:24,803 - INFO - Processing methods for DocDB
2025-07-10 13:13:24,803 - INFO - Skipping already processed service: DocDB
2025-07-10 13:13:24,803 - INFO - Processing methods for DocDBElastic
2025-07-10 13:13:24,803 - INFO - Skipping already processed service: DocDBElastic
2025-07-10 13:13:24,805 - INFO - Processing methods for drs
2025-07-10 13:13:24,805 - INFO - Skipping already processed service: drs
2025-07-10 13:13:24,805 - INFO - Processing methods for DynamoDB
2025-07-10 13:13:24,806 - INFO - Skipping already processed service: DynamoDB
2025-07-10 13:13:24,806 - INFO - Processing methods for DynamoDBStreams
2025-07-10 13:13:24,806 - INFO - Skipping already processed service: DynamoDBStreams
2025-07-10 13:13:24,807 - INFO - Processing methods for EBS
2025-07-10 13:13:24,807 - INFO - Skipping already processed service: EBS
2025-07-10 13:13:24,808 - INFO - Processing methods for EC2
2025-07-10 13:13:24,808 - INFO - Skipping already processed service: EC2
2025-07-10 13:13:24,808 - INFO - Processing methods for EC2InstanceConnect
2025-07-10 13:13:24,809 - INFO - Skipping already processed service: EC2InstanceConnect
2025-07-10 13:13:24,809 - INFO - Processing methods for ECR
2025-07-10 13:13:24,809 - INFO - Skipping already processed service: ECR
2025-07-10 13:13:24,810 - INFO - Processing methods for ECRPublic
2025-07-10 13:13:24,810 - INFO - Skipping already processed service: ECRPublic
2025-07-10 13:13:24,810 - INFO - Processing methods for ECS
2025-07-10 13:13:24,810 - INFO - Skipping already processed service: ECS
2025-07-10 13:13:24,811 - INFO - Processing methods for EFS
2025-07-10 13:13:24,811 - INFO - Skipping already processed service: EFS
2025-07-10 13:13:24,811 - INFO - Processing methods for EKS
2025-07-10 13:13:24,811 - INFO - Skipping already processed service: EKS
2025-07-10 13:13:24,812 - INFO - Processing methods for EKSAuth
2025-07-10 13:13:24,812 - INFO - Skipping already processed service: EKSAuth
2025-07-10 13:13:24,812 - INFO - Processing methods for ElastiCache
2025-07-10 13:13:24,812 - INFO - Skipping already processed service: ElastiCache
2025-07-10 13:13:24,812 - INFO - Processing methods for ElasticBeanstalk
2025-07-10 13:13:24,813 - INFO - Skipping already processed service: ElasticBeanstalk
2025-07-10 13:13:24,813 - INFO - Processing methods for ElasticLoadBalancing
2025-07-10 13:13:24,813 - INFO - Skipping already processed service: ElasticLoadBalancing
2025-07-10 13:13:24,814 - INFO - Processing methods for ElasticLoadBalancingv2
2025-07-10 13:13:24,814 - INFO - Skipping already processed service: ElasticLoadBalancingv2
2025-07-10 13:13:24,814 - INFO - Processing methods for ElasticsearchService
2025-07-10 13:13:24,814 - INFO - Skipping already processed service: ElasticsearchService
2025-07-10 13:13:24,815 - INFO - Processing methods for ElasticTranscoder
2025-07-10 13:13:24,815 - INFO - Skipping already processed service: ElasticTranscoder
2025-07-10 13:13:24,816 - INFO - Processing methods for EMR
2025-07-10 13:13:24,816 - INFO - Skipping already processed service: EMR
2025-07-10 13:13:24,816 - INFO - Processing methods for EMRContainers
2025-07-10 13:13:24,817 - INFO - Skipping already processed service: EMRContainers
2025-07-10 13:13:24,817 - INFO - Processing methods for EMRServerless
2025-07-10 13:13:24,817 - INFO - Skipping already processed service: EMRServerless
2025-07-10 13:13:24,818 - INFO - Processing methods for EndUserMessagingSocial
2025-07-10 13:13:24,818 - INFO - Skipping already processed service: EndUserMessagingSocial
2025-07-10 13:13:24,818 - INFO - Processing methods for EntityResolution
2025-07-10 13:13:24,818 - INFO - Skipping already processed service: EntityResolution
2025-07-10 13:13:24,820 - INFO - Processing methods for EventBridge
2025-07-10 13:13:24,820 - INFO - Skipping already processed service: EventBridge
2025-07-10 13:13:24,820 - INFO - Processing methods for EventBridgePipes
2025-07-10 13:13:24,821 - INFO - Skipping already processed service: EventBridgePipes
2025-07-10 13:13:24,821 - INFO - Processing methods for EventBridgeScheduler
2025-07-10 13:13:24,821 - INFO - Skipping already processed service: EventBridgeScheduler
2025-07-10 13:13:24,822 - INFO - Processing methods for finspace
2025-07-10 13:13:24,822 - INFO - Skipping already processed service: finspace
2025-07-10 13:13:24,823 - INFO - Processing methods for FinSpaceData
2025-07-10 13:13:24,823 - INFO - Skipping already processed service: FinSpaceData
2025-07-10 13:13:24,823 - INFO - Processing methods for Firehose
2025-07-10 13:13:24,823 - INFO - Skipping already processed service: Firehose
2025-07-10 13:13:24,824 - INFO - Processing methods for FIS
2025-07-10 13:13:24,824 - INFO - Skipping already processed service: FIS
2025-07-10 13:13:24,824 - INFO - Processing methods for FMS
2025-07-10 13:13:24,824 - INFO - Skipping already processed service: FMS
2025-07-10 13:13:24,825 - INFO - Processing methods for ForecastQueryService
2025-07-10 13:13:24,825 - INFO - Skipping already processed service: ForecastQueryService
2025-07-10 13:13:24,825 - INFO - Processing methods for ForecastService
2025-07-10 13:13:24,825 - INFO - Skipping already processed service: ForecastService
2025-07-10 13:13:24,826 - INFO - Processing methods for FraudDetector
2025-07-10 13:13:24,826 - INFO - Skipping already processed service: FraudDetector
2025-07-10 13:13:24,826 - INFO - Processing methods for FreeTier
2025-07-10 13:13:24,826 - INFO - Skipping already processed service: FreeTier
2025-07-10 13:13:24,827 - INFO - Processing methods for FSx
2025-07-10 13:13:24,827 - INFO - Skipping already processed service: FSx
2025-07-10 13:13:24,827 - INFO - Processing methods for GameLift
2025-07-10 13:13:24,827 - INFO - Skipping already processed service: GameLift
2025-07-10 13:13:24,828 - INFO - Processing methods for Glacier
2025-07-10 13:13:24,828 - INFO - Skipping already processed service: Glacier
2025-07-10 13:13:24,828 - INFO - Processing methods for GlobalAccelerator
2025-07-10 13:13:24,829 - INFO - Skipping already processed service: GlobalAccelerator
2025-07-10 13:13:24,829 - INFO - Processing methods for Glue
2025-07-10 13:13:24,829 - INFO - Skipping already processed service: Glue
2025-07-10 13:13:24,830 - INFO - Processing methods for GlueDataBrew
2025-07-10 13:13:24,830 - INFO - Skipping already processed service: GlueDataBrew
2025-07-10 13:13:24,830 - INFO - Processing methods for Greengrass
2025-07-10 13:13:24,830 - INFO - Skipping already processed service: Greengrass
2025-07-10 13:13:24,831 - INFO - Processing methods for GreengrassV2
2025-07-10 13:13:24,831 - INFO - Skipping already processed service: GreengrassV2
2025-07-10 13:13:24,831 - INFO - Processing methods for GroundStation
2025-07-10 13:13:24,832 - INFO - Skipping already processed service: GroundStation
2025-07-10 13:13:24,832 - INFO - Processing methods for GuardDuty
2025-07-10 13:13:24,832 - INFO - Skipping already processed service: GuardDuty
2025-07-10 13:13:24,833 - INFO - Processing methods for Health
2025-07-10 13:13:24,834 - INFO - Skipping already processed service: Health
2025-07-10 13:13:24,834 - INFO - Processing methods for HealthImaging
2025-07-10 13:13:24,834 - INFO - Skipping already processed service: HealthImaging
2025-07-10 13:13:24,835 - INFO - Processing methods for HealthLake
2025-07-10 13:13:24,835 - INFO - Skipping already processed service: HealthLake
2025-07-10 13:13:24,835 - INFO - Processing methods for IAM
2025-07-10 13:13:24,835 - INFO - Skipping already processed service: IAM
2025-07-10 13:13:24,837 - INFO - Processing methods for IAMRolesAnywhere
2025-07-10 13:13:24,837 - INFO - Skipping already processed service: IAMRolesAnywhere
2025-07-10 13:13:24,838 - INFO - Processing methods for IdentityStore
2025-07-10 13:13:24,838 - INFO - Skipping already processed service: IdentityStore
2025-07-10 13:13:24,838 - INFO - Processing methods for imagebuilder
2025-07-10 13:13:24,839 - INFO - Skipping already processed service: imagebuilder
2025-07-10 13:13:24,839 - INFO - Processing methods for ImportExport
2025-07-10 13:13:24,839 - INFO - Skipping already processed service: ImportExport
2025-07-10 13:13:24,839 - INFO - Processing methods for Inspector
2025-07-10 13:13:24,840 - INFO - Skipping already processed service: Inspector
2025-07-10 13:13:24,840 - INFO - Processing methods for Inspector2
2025-07-10 13:13:24,840 - INFO - Skipping already processed service: Inspector2
2025-07-10 13:13:24,840 - INFO - Processing methods for inspectorscan
2025-07-10 13:13:24,841 - INFO - Skipping already processed service: inspectorscan
2025-07-10 13:13:24,841 - INFO - Processing methods for Invoicing
2025-07-10 13:13:24,841 - INFO - Skipping already processed service: Invoicing
2025-07-10 13:13:24,842 - INFO - Processing methods for IoT
2025-07-10 13:13:24,842 - INFO - Skipping already processed service: IoT
2025-07-10 13:13:24,842 - INFO - Processing methods for IoTAnalytics
2025-07-10 13:13:24,842 - INFO - Skipping already processed service: IoTAnalytics
2025-07-10 13:13:24,842 - INFO - Processing methods for IoTDataPlane
2025-07-10 13:13:24,843 - INFO - Skipping already processed service: IoTDataPlane
2025-07-10 13:13:24,843 - INFO - Processing methods for IoTDeviceAdvisor
2025-07-10 13:13:24,843 - INFO - Skipping already processed service: IoTDeviceAdvisor
2025-07-10 13:13:24,844 - INFO - Processing methods for IoTEvents
2025-07-10 13:13:24,844 - INFO - Skipping already processed service: IoTEvents
2025-07-10 13:13:24,844 - INFO - Processing methods for IoTEventsData
2025-07-10 13:13:24,844 - INFO - Skipping already processed service: IoTEventsData
2025-07-10 13:13:24,844 - INFO - Processing methods for IoTFleetHub
2025-07-10 13:13:24,845 - INFO - Skipping already processed service: IoTFleetHub
2025-07-10 13:13:24,845 - INFO - Processing methods for IoTFleetWise
2025-07-10 13:13:24,845 - INFO - Skipping already processed service: IoTFleetWise
2025-07-10 13:13:24,845 - INFO - Processing methods for IoTJobsDataPlane
2025-07-10 13:13:24,845 - INFO - Skipping already processed service: IoTJobsDataPlane
2025-07-10 13:13:24,846 - INFO - Processing methods for IoTSecureTunneling
2025-07-10 13:13:24,846 - INFO - Skipping already processed service: IoTSecureTunneling
2025-07-10 13:13:24,846 - INFO - Processing methods for IoTSiteWise
2025-07-10 13:13:24,847 - INFO - Skipping already processed service: IoTSiteWise
2025-07-10 13:13:24,847 - INFO - Processing methods for IoTThingsGraph
2025-07-10 13:13:24,847 - INFO - Skipping already processed service: IoTThingsGraph
2025-07-10 13:13:24,848 - INFO - Processing methods for IoTTwinMaker
2025-07-10 13:13:24,848 - INFO - Skipping already processed service: IoTTwinMaker
2025-07-10 13:13:24,849 - INFO - Processing methods for IoTWireless
2025-07-10 13:13:24,849 - INFO - Skipping already processed service: IoTWireless
2025-07-10 13:13:24,850 - INFO - Processing methods for IVS
2025-07-10 13:13:24,850 - INFO - Skipping already processed service: IVS
2025-07-10 13:13:24,850 - INFO - Processing methods for ivschat
2025-07-10 13:13:24,851 - INFO - Skipping already processed service: ivschat
2025-07-10 13:13:24,851 - INFO - Processing methods for ivsrealtime
2025-07-10 13:13:24,851 - INFO - Skipping already processed service: ivsrealtime
2025-07-10 13:13:24,852 - INFO - Processing methods for Kafka
2025-07-10 13:13:24,852 - INFO - Skipping already processed service: Kafka
2025-07-10 13:13:24,853 - INFO - Processing methods for KafkaConnect
2025-07-10 13:13:24,853 - INFO - Skipping already processed service: KafkaConnect
2025-07-10 13:13:24,853 - INFO - Processing methods for kendra
2025-07-10 13:13:24,853 - INFO - Skipping already processed service: kendra
2025-07-10 13:13:24,855 - INFO - Processing methods for KendraRanking
2025-07-10 13:13:24,855 - INFO - Skipping already processed service: KendraRanking
2025-07-10 13:13:24,855 - INFO - Processing methods for Keyspaces
2025-07-10 13:13:24,855 - INFO - Skipping already processed service: Keyspaces
2025-07-10 13:13:24,856 - INFO - Processing methods for Kinesis
2025-07-10 13:13:24,856 - INFO - Skipping already processed service: Kinesis
2025-07-10 13:13:24,856 - INFO - Processing methods for KinesisAnalytics
2025-07-10 13:13:24,857 - INFO - Skipping already processed service: KinesisAnalytics
2025-07-10 13:13:24,857 - INFO - Processing methods for KinesisAnalyticsV2
2025-07-10 13:13:24,857 - INFO - Skipping already processed service: KinesisAnalyticsV2
2025-07-10 13:13:24,857 - INFO - Processing methods for KinesisVideo
2025-07-10 13:13:24,858 - INFO - Skipping already processed service: KinesisVideo
2025-07-10 13:13:24,858 - INFO - Processing methods for KinesisVideoArchivedMedia
2025-07-10 13:13:24,858 - INFO - Skipping already processed service: KinesisVideoArchivedMedia
2025-07-10 13:13:24,859 - INFO - Processing methods for KinesisVideoMedia
2025-07-10 13:13:24,859 - INFO - Skipping already processed service: KinesisVideoMedia
2025-07-10 13:13:24,859 - INFO - Processing methods for KinesisVideoSignalingChannels
2025-07-10 13:13:24,859 - INFO - Skipping already processed service: KinesisVideoSignalingChannels
2025-07-10 13:13:24,859 - INFO - Processing methods for KinesisVideoWebRTCStorage
2025-07-10 13:13:24,860 - INFO - Skipping already processed service: KinesisVideoWebRTCStorage
2025-07-10 13:13:24,860 - INFO - Processing methods for KMS
2025-07-10 13:13:24,860 - INFO - Skipping already processed service: KMS
2025-07-10 13:13:24,860 - INFO - Processing methods for LakeFormation
2025-07-10 13:13:24,861 - INFO - Skipping already processed service: LakeFormation
2025-07-10 13:13:24,861 - INFO - Processing methods for Lambda
2025-07-10 13:13:24,861 - INFO - Skipping already processed service: Lambda
2025-07-10 13:13:24,861 - INFO - Processing methods for LaunchWizard
2025-07-10 13:13:24,862 - INFO - Skipping already processed service: LaunchWizard
2025-07-10 13:13:24,862 - INFO - Processing methods for LexModelBuildingService
2025-07-10 13:13:24,862 - INFO - Skipping already processed service: LexModelBuildingService
2025-07-10 13:13:24,863 - INFO - Processing methods for LexModelsV2
2025-07-10 13:13:24,863 - INFO - Skipping already processed service: LexModelsV2
2025-07-10 13:13:24,863 - INFO - Processing methods for LexRuntimeService
2025-07-10 13:13:24,863 - INFO - Skipping already processed service: LexRuntimeService
2025-07-10 13:13:24,864 - INFO - Processing methods for LexRuntimeV2
2025-07-10 13:13:24,864 - INFO - Skipping already processed service: LexRuntimeV2
2025-07-10 13:13:24,864 - INFO - Processing methods for LicenseManager
2025-07-10 13:13:24,864 - INFO - Skipping already processed service: LicenseManager
2025-07-10 13:13:24,864 - INFO - Processing methods for LicenseManagerLinuxSubscriptions
2025-07-10 13:13:24,865 - INFO - Skipping already processed service: LicenseManagerLinuxSubscriptions
2025-07-10 13:13:24,865 - INFO - Processing methods for LicenseManagerUserSubscriptions
2025-07-10 13:13:24,865 - INFO - Skipping already processed service: LicenseManagerUserSubscriptions
2025-07-10 13:13:24,866 - INFO - Processing methods for Lightsail
2025-07-10 13:13:24,866 - INFO - Skipping already processed service: Lightsail
2025-07-10 13:13:24,867 - INFO - Processing methods for LocationService
2025-07-10 13:13:24,867 - INFO - Skipping already processed service: LocationService
2025-07-10 13:13:24,895 - INFO - Processing methods for LocationServiceMapsV2
2025-07-10 13:13:42,476 - INFO - Processing methods for LocationServicePlacesV2
2025-07-10 13:14:00,281 - INFO - Processing methods for LocationServiceRoutesV2
2025-07-10 13:14:17,002 - INFO - Processing methods for LookoutEquipment
2025-07-10 14:07:17,553 - INFO - Starting AWS API documentation parser
2025-07-10 14:07:17,554 - INFO - Services folder: C:\Users\aleja\Documents\VSCode Projects\TFM-APB-MAADM\docs\services
2025-07-10 14:07:17,554 - INFO - Output folder: C:\Users\aleja\Documents\VSCode Projects\TFM-APB-MAADM\docs\methods
2025-07-10 14:07:17,555 - INFO - Checkpoint file: C:\Users\aleja\Documents\VSCode Projects\TFM-APB-MAADM\parsing\checkpoint.json
2025-07-10 14:07:17,574 - INFO - Resuming processing from service: Macie2
2025-07-10 14:07:17,638 - INFO - Processing methods for Macie2
2025-07-10 14:07:17,647 - INFO - Skipping already processed method: accept_invitation
2025-07-10 14:07:17,647 - INFO - Skipping already processed method: batch_get_custom_data_identifiers
2025-07-10 14:12:40,814 - INFO - Testing new logger format
2025-07-10 14:12:40,814 - WARNING - Testing warning
2025-07-10 14:12:40,814 - ERROR - Testing error
2025-07-10 14:14:13,339 - INFO - Starting AWS API documentation parser
2025-07-10 14:16:10,993 - INFO - Testing new logger format
2025-07-10 14:16:10,993 - WARNING - Testing warning
2025-07-10 14:16:10,993 - ERROR - Testing error
2025-07-10 14:16:31,397 - INFO - Testing new logger format
2025-07-10 14:16:31,397 - WARNING - Testing warning
2025-07-10 14:16:31,397 - ERROR - Testing error
2025-07-10 14:16:59,562 - INFO - Testing new logger format
2025-07-10 14:16:59,563 - WARNING - Testing warning
2025-07-10 14:16:59,563 - ERROR - Testing error
2025-07-10 14:17:08,013 - INFO - Starting AWS API documentation parser
2025-07-10 14:17:08,013 - INFO - Services folder: C:\Users\aleja\Documents\VSCode Projects\TFM-APB-MAADM\docs\services
2025-07-10 14:17:08,013 - INFO - Output folder: C:\Users\aleja\Documents\VSCode Projects\TFM-APB-MAADM\docs\methods
2025-07-10 14:17:08,013 - INFO - Checkpoint file: C:\Users\aleja\Documents\VSCode Projects\TFM-APB-MAADM\parsing\checkpoint.json
2025-07-10 14:17:08,039 - INFO - Resuming processing from service: Macie2
2025-07-10 14:17:08,097 - INFO - Processing methods for Macie2
2025-07-10 14:17:08,105 - INFO - Skipping 76 already processed methods
2025-07-10 14:17:25,429 - INFO - Processing interrupted by user. Progress has been saved to checkpoint file.
2025-07-10 14:18:34,237 - INFO - Testing clean logger
2025-07-10 14:18:34,237 - WARNING - Testing warning
2025-07-10 14:18:34,237 - ERROR - Testing error
2025-07-10 14:20:01,104 - INFO - Testing single message
2025-07-10 14:20:01,104 - INFO - Testing second import
2025-07-10 14:22:45,785 - INFO - Starting AWS API documentation parser
2025-07-10 14:22:45,785 - INFO - Services folder: C:\Users\aleja\Documents\VSCode Projects\TFM-APB-MAADM\docs\services
2025-07-10 14:22:45,785 - INFO - Output folder: C:\Users\aleja\Documents\VSCode Projects\TFM-APB-MAADM\docs\methods
2025-07-10 14:22:45,785 - INFO - Checkpoint file: C:\Users\aleja\Documents\VSCode Projects\TFM-APB-MAADM\parsing\checkpoint.json
2025-07-10 14:22:45,788 - INFO - Starting fresh processing run
2025-07-10 14:22:45,822 - INFO - Processing methods for MailManager
2025-07-10 14:30:54,010 - INFO - Starting AWS API documentation parser
2025-07-10 14:30:54,010 - INFO - Services folder: C:\Users\aleja\Documents\VSCode Projects\TFM-APB-MAADM\docs\services
2025-07-10 14:30:54,011 - INFO - Output folder: C:\Users\aleja\Documents\VSCode Projects\TFM-APB-MAADM\docs\methods
2025-07-10 14:30:54,011 - INFO - Checkpoint file: C:\Users\aleja\Documents\VSCode Projects\TFM-APB-MAADM\parsing\checkpoint.json
2025-07-10 14:30:54,037 - INFO - Resuming processing from service: MainframeModernization
2025-07-10 14:30:54,079 - INFO - Processing methods for MainframeModernization
2025-07-10 14:30:54,087 - INFO - Skipping 13 already processed methods
2025-07-10 14:30:58,132 - INFO - Processing interrupted by user. Progress has been saved to checkpoint file.
